Using pre-set license
Built from '2020.3/staging' branch; Version is '2020.3.11f1 (99c7afb366b3) revision 10078127'; Using compiler version '192528614'; Build Type 'Release'
OS: 'Windows 10 Home; OS build 19042.1237; Version 2009; 64bit' Language: 'fr' Physical Memory: 16315 MB
BatchMode: 1, IsHumanControllingUs: 0, StartBugReporterOnCrash: 0, Is64bit: 1, IsPro: 0

 COMMAND LINE ARGUMENTS:
C:\Program Files\Unity\Hub\Editor\2020.3.11f1\Editor\Unity.exe
-adb2
-batchMode
-noUpm
-name
AssetImportWorker0
-projectPath
E:/Unity/project/Data-Persistence-Starter-Files
-logFile
Logs/AssetImportWorker0.log
-srvPort
61892
Successfully changed project path to: E:/Unity/project/Data-Persistence-Starter-Files
E:/Unity/project/Data-Persistence-Starter-Files
Using Asset Import Pipeline V2.
Refreshing native plugins compatible for Editor in 46.29 ms, found 2 plugins.
Preloading 0 native plugins for Editor in 0.00 ms.
Initialize engine version: 2020.3.11f1 (99c7afb366b3)
[Subsystems] Discovering subsystems at path C:/Program Files/Unity/Hub/Editor/2020.3.11f1/Editor/Data/Resources/UnitySubsystems
[Subsystems] Discovering subsystems at path E:/Unity/project/Data-Persistence-Starter-Files/Assets
GfxDevice: creating device client; threaded=0
Direct3D:
    Version:  Direct3D 11.0 [level 11.1]
    Renderer: Radeon RX 570 Series (ID=0x67df)
    Vendor:   
    VRAM:     8171 MB
    Driver:   27.20.21002.112
Shader 'Universal Render Pipeline/Particles/Lit': fallback shader 'Universal Render Pipeline/Particles/SimpleLit' not found
Initialize mono
Mono path[0] = 'C:/Program Files/Unity/Hub/Editor/2020.3.11f1/Editor/Data/Managed'
Mono path[1] = 'C:/Program Files/Unity/Hub/Editor/2020.3.11f1/Editor/Data/MonoBleedingEdge/lib/mono/unityjit'
Mono config path = 'C:/Program Files/Unity/Hub/Editor/2020.3.11f1/Editor/Data/MonoBleedingEdge/etc'
Using monoOptions --debugger-agent=transport=dt_socket,embedding=1,server=y,suspend=n,address=127.0.0.1:56104
Begin MonoManager ReloadAssembly
Registering precompiled unity dll's ...
Register platform support module: C:/Program Files/Unity/Hub/Editor/2020.3.11f1/Editor/Data/PlaybackEngines/WebGLSupport/UnityEditor.WebGL.Extensions.dll
Register platform support module: C:/Program Files/Unity/Hub/Editor/2020.3.11f1/Editor/Data/PlaybackEngines/WindowsStandaloneSupport/UnityEditor.WindowsStandalone.Extensions.dll
Registered in 0.002990 seconds.
Native extension for WindowsStandalone target not found
Native extension for WebGL target not found
Refreshing native plugins compatible for Editor in 46.28 ms, found 2 plugins.
Preloading 0 native plugins for Editor in 0.00 ms.
Mono: successfully reloaded assembly
- Completed reload, in  1.429 seconds
Platform modules already initialized, skipping
Registering precompiled user dll's ...
Registered in 0.003487 seconds.
Begin MonoManager ReloadAssembly
Native extension for WindowsStandalone target not found
Native extension for WebGL target not found
Refreshing native plugins compatible for Editor in 47.32 ms, found 2 plugins.
Preloading 0 native plugins for Editor in 0.00 ms.
Mono: successfully reloaded assembly
- Completed reload, in  1.117 seconds
Platform modules already initialized, skipping
========================================================================
Worker process is ready to serve import requests
Shader 'Universal Render Pipeline/Particles/Lit': fallback shader 'Universal Render Pipeline/Particles/SimpleLit' not found
Launched and connected shader compiler UnityShaderCompiler.exe after 0.04 seconds
Refreshing native plugins compatible for Editor in 0.47 ms, found 2 plugins.
Preloading 0 native plugins for Editor in 0.00 ms.
Unloading 2697 Unused Serialized files (Serialized files now loaded: 0)
System memory in use before: 121.8 MB.
System memory in use after: 122.0 MB.

Unloading 19 unused Assets to reduce memory usage. Loaded Objects now: 3130.
Total: 2.296700 ms (FindLiveObjects: 0.264900 ms CreateObjectMapping: 0.065800 ms MarkObjects: 1.897400 ms  DeleteObjects: 0.067500 ms)

========================================================================
Received Import Request.
  path: Assets/Scripts/HighScorePanelHandler.cs
  artifactKey: Guid(535ea61ef1db0ee4fafa99c9bab8eeb0) Importer(815301076,1909f56bfc062723c751e8b465ee728b)
Start importing Assets/Scripts/HighScorePanelHandler.cs using Guid(535ea61ef1db0ee4fafa99c9bab8eeb0) Importer(815301076,1909f56bfc062723c751e8b465ee728b)  -> (artifact id: '2016b3f1648230995b4f744acdfd546f') in 0.024976 seconds
  Import took 0.030176 seconds .

========================================================================
Received Import Request.
  Time since last request: 33.155237 seconds.
  path: Assets/Scripts/GameManager.cs
  artifactKey: Guid(6a05e1b3ecb90a34eb948510742a19e6) Importer(815301076,1909f56bfc062723c751e8b465ee728b)
Start importing Assets/Scripts/GameManager.cs using Guid(6a05e1b3ecb90a34eb948510742a19e6) Importer(815301076,1909f56bfc062723c751e8b465ee728b)  -> (artifact id: 'e3d025775892fdb521deea84abb41cba') in 0.008481 seconds
  Import took 0.013412 seconds .

========================================================================
Received Import Request.
  Time since last request: 8.233534 seconds.
  path: Assets/Scripts/StartSceneUIHandler.cs
  artifactKey: Guid(9e721b40cdc30bd4d9236e7d12316ad4) Importer(815301076,1909f56bfc062723c751e8b465ee728b)
Start importing Assets/Scripts/StartSceneUIHandler.cs using Guid(9e721b40cdc30bd4d9236e7d12316ad4) Importer(815301076,1909f56bfc062723c751e8b465ee728b)  -> (artifact id: '31a09e4839fff43e9cdcae71f9e2cd17') in 0.007046 seconds
  Import took 0.011862 seconds .

========================================================================
Received Import Request.
  Time since last request: 0.001099 seconds.
  path: Assets/Scripts/StartSceneUIHandler.cs
  artifactKey: Guid(9e721b40cdc30bd4d9236e7d12316ad4) Importer(815301076,1909f56bfc062723c751e8b465ee728b)
Start importing Assets/Scripts/StartSceneUIHandler.cs using Guid(9e721b40cdc30bd4d9236e7d12316ad4) Importer(815301076,1909f56bfc062723c751e8b465ee728b)  -> (artifact id: '31a09e4839fff43e9cdcae71f9e2cd17') in 0.002882 seconds
  Import took 0.006712 seconds .

========================================================================
Received Import Request.
  Time since last request: 36.525970 seconds.
  path: Assets/Scripts/HighScorePanelHandler.cs
  artifactKey: Guid(535ea61ef1db0ee4fafa99c9bab8eeb0) Importer(815301076,1909f56bfc062723c751e8b465ee728b)
Start importing Assets/Scripts/HighScorePanelHandler.cs using Guid(535ea61ef1db0ee4fafa99c9bab8eeb0) Importer(815301076,1909f56bfc062723c751e8b465ee728b)  -> (artifact id: '619a1c0f0d4e16f7b75987557b87d0b5') in 0.003474 seconds
  Import took 0.008363 seconds .

========================================================================
Received Prepare
Registering precompiled user dll's ...
Registered in 0.003255 seconds.
Begin MonoManager ReloadAssembly
Native extension for WindowsStandalone target not found
Native extension for WebGL target not found
Refreshing native plugins compatible for Editor in 0.48 ms, found 2 plugins.
Preloading 0 native plugins for Editor in 0.00 ms.
Mono: successfully reloaded assembly
- Completed reload, in  1.020 seconds
Platform modules already initialized, skipping
Shader 'Universal Render Pipeline/Particles/Lit': fallback shader 'Universal Render Pipeline/Particles/SimpleLit' not found
Refreshing native plugins compatible for Editor in 0.48 ms, found 2 plugins.
Preloading 0 native plugins for Editor in 0.00 ms.
Unloading 2588 Unused Serialized files (Serialized files now loaded: 0)
System memory in use before: 114.8 MB.
System memory in use after: 115.0 MB.

Unloading 14 unused Assets to reduce memory usage. Loaded Objects now: 3133.
Total: 2.231000 ms (FindLiveObjects: 0.240800 ms CreateObjectMapping: 0.077700 ms MarkObjects: 1.892400 ms  DeleteObjects: 0.019100 ms)

========================================================================
Received Prepare
Registering precompiled user dll's ...
Registered in 0.003202 seconds.
Begin MonoManager ReloadAssembly
Native extension for WindowsStandalone target not found
Native extension for WebGL target not found
Refreshing native plugins compatible for Editor in 0.49 ms, found 2 plugins.
Preloading 0 native plugins for Editor in 0.00 ms.
Mono: successfully reloaded assembly
- Completed reload, in  1.011 seconds
Platform modules already initialized, skipping
Shader 'Universal Render Pipeline/Particles/Lit': fallback shader 'Universal Render Pipeline/Particles/SimpleLit' not found
Refreshing native plugins compatible for Editor in 0.47 ms, found 2 plugins.
Preloading 0 native plugins for Editor in 0.00 ms.
Unloading 2588 Unused Serialized files (Serialized files now loaded: 0)
System memory in use before: 114.9 MB.
System memory in use after: 115.2 MB.

Unloading 14 unused Assets to reduce memory usage. Loaded Objects now: 3136.
Total: 2.384300 ms (FindLiveObjects: 0.252200 ms CreateObjectMapping: 0.064400 ms MarkObjects: 2.044700 ms  DeleteObjects: 0.021800 ms)

========================================================================
Received Prepare
Registering precompiled user dll's ...
Registered in 0.003271 seconds.
Begin MonoManager ReloadAssembly
Native extension for WindowsStandalone target not found
Native extension for WebGL target not found
Refreshing native plugins compatible for Editor in 0.48 ms, found 2 plugins.
Preloading 0 native plugins for Editor in 0.00 ms.
Mono: successfully reloaded assembly
- Completed reload, in  1.014 seconds
Platform modules already initialized, skipping
Shader 'Universal Render Pipeline/Particles/Lit': fallback shader 'Universal Render Pipeline/Particles/SimpleLit' not found
Refreshing native plugins compatible for Editor in 0.47 ms, found 2 plugins.
Preloading 0 native plugins for Editor in 0.00 ms.
Unloading 2588 Unused Serialized files (Serialized files now loaded: 0)
System memory in use before: 115.0 MB.
System memory in use after: 115.2 MB.

Unloading 14 unused Assets to reduce memory usage. Loaded Objects now: 3139.
Total: 2.527200 ms (FindLiveObjects: 0.237900 ms CreateObjectMapping: 0.064300 ms MarkObjects: 2.201500 ms  DeleteObjects: 0.022300 ms)

========================================================================
Received Prepare
Registering precompiled user dll's ...
Registered in 0.003294 seconds.
Begin MonoManager ReloadAssembly
Native extension for WindowsStandalone target not found
Native extension for WebGL target not found
Refreshing native plugins compatible for Editor in 0.49 ms, found 2 plugins.
Preloading 0 native plugins for Editor in 0.00 ms.
Mono: successfully reloaded assembly
- Completed reload, in  1.018 seconds
Platform modules already initialized, skipping
Shader 'Universal Render Pipeline/Particles/Lit': fallback shader 'Universal Render Pipeline/Particles/SimpleLit' not found
Refreshing native plugins compatible for Editor in 0.48 ms, found 2 plugins.
Preloading 0 native plugins for Editor in 0.00 ms.
Unloading 2588 Unused Serialized files (Serialized files now loaded: 0)
System memory in use before: 115.0 MB.
System memory in use after: 115.2 MB.

Unloading 14 unused Assets to reduce memory usage. Loaded Objects now: 3142.
Total: 2.179200 ms (FindLiveObjects: 0.232400 ms CreateObjectMapping: 0.065400 ms MarkObjects: 1.862600 ms  DeleteObjects: 0.017700 ms)

========================================================================
Received Prepare
Registering precompiled user dll's ...
Registered in 0.003262 seconds.
Begin MonoManager ReloadAssembly
Native extension for WindowsStandalone target not found
Native extension for WebGL target not found
Refreshing native plugins compatible for Editor in 0.47 ms, found 2 plugins.
Preloading 0 native plugins for Editor in 0.00 ms.
Mono: successfully reloaded assembly
- Completed reload, in  1.002 seconds
Platform modules already initialized, skipping
Shader 'Universal Render Pipeline/Particles/Lit': fallback shader 'Universal Render Pipeline/Particles/SimpleLit' not found
Refreshing native plugins compatible for Editor in 0.49 ms, found 2 plugins.
Preloading 0 native plugins for Editor in 0.00 ms.
Unloading 2588 Unused Serialized files (Serialized files now loaded: 0)
System memory in use before: 115.0 MB.
System memory in use after: 115.2 MB.

Unloading 14 unused Assets to reduce memory usage. Loaded Objects now: 3145.
Total: 2.199400 ms (FindLiveObjects: 0.263000 ms CreateObjectMapping: 0.062500 ms MarkObjects: 1.856500 ms  DeleteObjects: 0.015800 ms)

========================================================================
Received Prepare
Registering precompiled user dll's ...
Registered in 0.003268 seconds.
Begin MonoManager ReloadAssembly
Native extension for WindowsStandalone target not found
Native extension for WebGL target not found
Refreshing native plugins compatible for Editor in 0.47 ms, found 2 plugins.
Preloading 0 native plugins for Editor in 0.00 ms.
Mono: successfully reloaded assembly
- Completed reload, in  0.995 seconds
Platform modules already initialized, skipping
Shader 'Universal Render Pipeline/Particles/Lit': fallback shader 'Universal Render Pipeline/Particles/SimpleLit' not found
Refreshing native plugins compatible for Editor in 0.47 ms, found 2 plugins.
Preloading 0 native plugins for Editor in 0.00 ms.
Unloading 2588 Unused Serialized files (Serialized files now loaded: 0)
System memory in use before: 115.0 MB.
System memory in use after: 115.2 MB.

Unloading 14 unused Assets to reduce memory usage. Loaded Objects now: 3148.
Total: 2.213300 ms (FindLiveObjects: 0.239400 ms CreateObjectMapping: 0.066500 ms MarkObjects: 1.887100 ms  DeleteObjects: 0.018900 ms)

========================================================================
Received Prepare
Registering precompiled user dll's ...
Registered in 0.003418 seconds.
Begin MonoManager ReloadAssembly
Native extension for WindowsStandalone target not found
Native extension for WebGL target not found
Refreshing native plugins compatible for Editor in 0.50 ms, found 2 plugins.
Preloading 0 native plugins for Editor in 0.00 ms.
Mono: successfully reloaded assembly
- Completed reload, in  1.008 seconds
Platform modules already initialized, skipping
Shader 'Universal Render Pipeline/Particles/Lit': fallback shader 'Universal Render Pipeline/Particles/SimpleLit' not found
Refreshing native plugins compatible for Editor in 0.46 ms, found 2 plugins.
Preloading 0 native plugins for Editor in 0.00 ms.
Unloading 2588 Unused Serialized files (Serialized files now loaded: 0)
System memory in use before: 115.0 MB.
System memory in use after: 115.2 MB.

Unloading 14 unused Assets to reduce memory usage. Loaded Objects now: 3151.
Total: 2.300300 ms (FindLiveObjects: 0.262100 ms CreateObjectMapping: 0.063600 ms MarkObjects: 1.953600 ms  DeleteObjects: 0.019800 ms)

========================================================================
Received Prepare
Registering precompiled user dll's ...
Registered in 0.003216 seconds.
Begin MonoManager ReloadAssembly
Native extension for WindowsStandalone target not found
Native extension for WebGL target not found
Refreshing native plugins compatible for Editor in 0.51 ms, found 2 plugins.
Preloading 0 native plugins for Editor in 0.00 ms.
Mono: successfully reloaded assembly
- Completed reload, in  1.012 seconds
Platform modules already initialized, skipping
Shader 'Universal Render Pipeline/Particles/Lit': fallback shader 'Universal Render Pipeline/Particles/SimpleLit' not found
Refreshing native plugins compatible for Editor in 0.49 ms, found 2 plugins.
Preloading 0 native plugins for Editor in 0.00 ms.
Unloading 2588 Unused Serialized files (Serialized files now loaded: 0)
System memory in use before: 115.0 MB.
System memory in use after: 115.3 MB.

Unloading 14 unused Assets to reduce memory usage. Loaded Objects now: 3154.
Total: 2.238900 ms (FindLiveObjects: 0.251400 ms CreateObjectMapping: 0.062400 ms MarkObjects: 1.904900 ms  DeleteObjects: 0.019200 ms)

========================================================================
Received Prepare
Registering precompiled user dll's ...
Registered in 0.003574 seconds.
Begin MonoManager ReloadAssembly
Native extension for WindowsStandalone target not found
Native extension for WebGL target not found
Refreshing native plugins compatible for Editor in 0.49 ms, found 2 plugins.
Preloading 0 native plugins for Editor in 0.00 ms.
Mono: successfully reloaded assembly
- Completed reload, in  1.005 seconds
Platform modules already initialized, skipping
Shader 'Universal Render Pipeline/Particles/Lit': fallback shader 'Universal Render Pipeline/Particles/SimpleLit' not found
Refreshing native plugins compatible for Editor in 0.50 ms, found 2 plugins.
Preloading 0 native plugins for Editor in 0.00 ms.
Unloading 2588 Unused Serialized files (Serialized files now loaded: 0)
System memory in use before: 115.0 MB.
System memory in use after: 115.3 MB.

Unloading 14 unused Assets to reduce memory usage. Loaded Objects now: 3157.
Total: 2.240500 ms (FindLiveObjects: 0.243900 ms CreateObjectMapping: 0.063600 ms MarkObjects: 1.911700 ms  DeleteObjects: 0.020600 ms)

========================================================================
Received Prepare
Registering precompiled user dll's ...
Registered in 0.003187 seconds.
Begin MonoManager ReloadAssembly
Native extension for WindowsStandalone target not found
Native extension for WebGL target not found
Refreshing native plugins compatible for Editor in 0.48 ms, found 2 plugins.
Preloading 0 native plugins for Editor in 0.00 ms.
Mono: successfully reloaded assembly
- Completed reload, in  1.000 seconds
Platform modules already initialized, skipping
Shader 'Universal Render Pipeline/Particles/Lit': fallback shader 'Universal Render Pipeline/Particles/SimpleLit' not found
Refreshing native plugins compatible for Editor in 0.49 ms, found 2 plugins.
Preloading 0 native plugins for Editor in 0.00 ms.
Unloading 2588 Unused Serialized files (Serialized files now loaded: 0)
System memory in use before: 115.0 MB.
System memory in use after: 115.3 MB.

Unloading 14 unused Assets to reduce memory usage. Loaded Objects now: 3160.
Total: 2.179100 ms (FindLiveObjects: 0.241200 ms CreateObjectMapping: 0.063300 ms MarkObjects: 1.855500 ms  DeleteObjects: 0.018200 ms)

========================================================================
Received Prepare
Registering precompiled user dll's ...
Registered in 0.003224 seconds.
Begin MonoManager ReloadAssembly
Native extension for WindowsStandalone target not found
Native extension for WebGL target not found
Refreshing native plugins compatible for Editor in 0.48 ms, found 2 plugins.
Preloading 0 native plugins for Editor in 0.00 ms.
Mono: successfully reloaded assembly
- Completed reload, in  0.998 seconds
Platform modules already initialized, skipping
Shader 'Universal Render Pipeline/Particles/Lit': fallback shader 'Universal Render Pipeline/Particles/SimpleLit' not found
Refreshing native plugins compatible for Editor in 0.48 ms, found 2 plugins.
Preloading 0 native plugins for Editor in 0.00 ms.
Unloading 2588 Unused Serialized files (Serialized files now loaded: 0)
System memory in use before: 115.0 MB.
System memory in use after: 115.3 MB.

Unloading 14 unused Assets to reduce memory usage. Loaded Objects now: 3163.
Total: 2.416700 ms (FindLiveObjects: 0.268800 ms CreateObjectMapping: 0.081900 ms MarkObjects: 2.042700 ms  DeleteObjects: 0.022400 ms)

========================================================================
Received Import Request.
  Time since last request: 3949.010241 seconds.
  path: Assets/Scripts/HighScorePanelHandler.cs
  artifactKey: Guid(535ea61ef1db0ee4fafa99c9bab8eeb0) Importer(815301076,1909f56bfc062723c751e8b465ee728b)
Start importing Assets/Scripts/HighScorePanelHandler.cs using Guid(535ea61ef1db0ee4fafa99c9bab8eeb0) Importer(815301076,1909f56bfc062723c751e8b465ee728b)  -> (artifact id: 'c2cc5e01bd8be7e60db40c2e79b25e55') in 0.009479 seconds
  Import took 0.013724 seconds .

========================================================================
Received Import Request.
  Time since last request: 0.001666 seconds.
  path: Assets/Scripts/HighScorePanelHandler.cs
  artifactKey: Guid(535ea61ef1db0ee4fafa99c9bab8eeb0) Importer(815301076,1909f56bfc062723c751e8b465ee728b)
Start importing Assets/Scripts/HighScorePanelHandler.cs using Guid(535ea61ef1db0ee4fafa99c9bab8eeb0) Importer(815301076,1909f56bfc062723c751e8b465ee728b)  -> (artifact id: 'c2cc5e01bd8be7e60db40c2e79b25e55') in 0.001706 seconds
  Import took 0.004927 seconds .

========================================================================
Received Prepare
Registering precompiled user dll's ...
Registered in 0.003255 seconds.
Begin MonoManager ReloadAssembly
Native extension for WindowsStandalone target not found
Native extension for WebGL target not found
Refreshing native plugins compatible for Editor in 0.50 ms, found 2 plugins.
Preloading 0 native plugins for Editor in 0.00 ms.
Mono: successfully reloaded assembly
- Completed reload, in  1.000 seconds
Platform modules already initialized, skipping
Shader 'Universal Render Pipeline/Particles/Lit': fallback shader 'Universal Render Pipeline/Particles/SimpleLit' not found
Refreshing native plugins compatible for Editor in 0.50 ms, found 2 plugins.
Preloading 0 native plugins for Editor in 0.00 ms.
Unloading 2588 Unused Serialized files (Serialized files now loaded: 0)
System memory in use before: 115.1 MB.
System memory in use after: 115.3 MB.

Unloading 14 unused Assets to reduce memory usage. Loaded Objects now: 3166.
Total: 2.468800 ms (FindLiveObjects: 0.265700 ms CreateObjectMapping: 0.064900 ms MarkObjects: 2.115300 ms  DeleteObjects: 0.021200 ms)

========================================================================
Received Import Request.
  Time since last request: 14.358169 seconds.
  path: Assets/Scripts/HighScorePanelHandler.cs
  artifactKey: Guid(535ea61ef1db0ee4fafa99c9bab8eeb0) Importer(815301076,1909f56bfc062723c751e8b465ee728b)
Start importing Assets/Scripts/HighScorePanelHandler.cs using Guid(535ea61ef1db0ee4fafa99c9bab8eeb0) Importer(815301076,1909f56bfc062723c751e8b465ee728b)  -> (artifact id: '715e18e9362227b2ea4835a83c8c5076') in 0.005118 seconds
  Import took 0.009666 seconds .

========================================================================
Received Import Request.
  Time since last request: 1.722381 seconds.
  path: Assets/Scripts/HighScorePanelHandler.cs
  artifactKey: Guid(535ea61ef1db0ee4fafa99c9bab8eeb0) Importer(815301076,1909f56bfc062723c751e8b465ee728b)
Start importing Assets/Scripts/HighScorePanelHandler.cs using Guid(535ea61ef1db0ee4fafa99c9bab8eeb0) Importer(815301076,1909f56bfc062723c751e8b465ee728b)  -> (artifact id: '715e18e9362227b2ea4835a83c8c5076') in 0.001852 seconds
  Import took 0.005481 seconds .

========================================================================
Received Prepare
Registering precompiled user dll's ...
Registered in 0.003185 seconds.
Begin MonoManager ReloadAssembly
Native extension for WindowsStandalone target not found
Native extension for WebGL target not found
Refreshing native plugins compatible for Editor in 0.48 ms, found 2 plugins.
Preloading 0 native plugins for Editor in 0.00 ms.
Mono: successfully reloaded assembly
- Completed reload, in  1.002 seconds
Platform modules already initialized, skipping
Shader 'Universal Render Pipeline/Particles/Lit': fallback shader 'Universal Render Pipeline/Particles/SimpleLit' not found
Refreshing native plugins compatible for Editor in 0.48 ms, found 2 plugins.
Preloading 0 native plugins for Editor in 0.00 ms.
Unloading 2588 Unused Serialized files (Serialized files now loaded: 0)
System memory in use before: 115.1 MB.
System memory in use after: 115.3 MB.

Unloading 14 unused Assets to reduce memory usage. Loaded Objects now: 3169.
Total: 2.229700 ms (FindLiveObjects: 0.253900 ms CreateObjectMapping: 0.064500 ms MarkObjects: 1.891200 ms  DeleteObjects: 0.019300 ms)

========================================================================
Received Import Request.
  Time since last request: 56.985206 seconds.
  path: Assets/Scripts/HighScorePanelHandler.cs
  artifactKey: Guid(535ea61ef1db0ee4fafa99c9bab8eeb0) Importer(815301076,1909f56bfc062723c751e8b465ee728b)
Start importing Assets/Scripts/HighScorePanelHandler.cs using Guid(535ea61ef1db0ee4fafa99c9bab8eeb0) Importer(815301076,1909f56bfc062723c751e8b465ee728b)  -> (artifact id: '18602d795beb8d06764c9cbc274340cd') in 0.004940 seconds
  Import took 0.009898 seconds .

========================================================================
Received Import Request.
  Time since last request: 1.166116 seconds.
  path: Assets/Scripts/HighScorePanelHandler.cs
  artifactKey: Guid(535ea61ef1db0ee4fafa99c9bab8eeb0) Importer(815301076,1909f56bfc062723c751e8b465ee728b)
Start importing Assets/Scripts/HighScorePanelHandler.cs using Guid(535ea61ef1db0ee4fafa99c9bab8eeb0) Importer(815301076,1909f56bfc062723c751e8b465ee728b)  -> (artifact id: '18602d795beb8d06764c9cbc274340cd') in 0.001655 seconds
  Import took 0.005330 seconds .

========================================================================
Received Prepare
Registering precompiled user dll's ...
Registered in 0.003217 seconds.
Begin MonoManager ReloadAssembly
Native extension for WindowsStandalone target not found
Native extension for WebGL target not found
Refreshing native plugins compatible for Editor in 0.49 ms, found 2 plugins.
Preloading 0 native plugins for Editor in 0.00 ms.
Mono: successfully reloaded assembly
- Completed reload, in  1.011 seconds
Platform modules already initialized, skipping
Shader 'Universal Render Pipeline/Particles/Lit': fallback shader 'Universal Render Pipeline/Particles/SimpleLit' not found
Refreshing native plugins compatible for Editor in 0.49 ms, found 2 plugins.
Preloading 0 native plugins for Editor in 0.00 ms.
Unloading 2588 Unused Serialized files (Serialized files now loaded: 0)
System memory in use before: 115.1 MB.
System memory in use after: 115.3 MB.

Unloading 14 unused Assets to reduce memory usage. Loaded Objects now: 3172.
Total: 2.209300 ms (FindLiveObjects: 0.256600 ms CreateObjectMapping: 0.062300 ms MarkObjects: 1.871800 ms  DeleteObjects: 0.017400 ms)

========================================================================
Received Prepare
Registering precompiled user dll's ...
Registered in 0.003385 seconds.
Begin MonoManager ReloadAssembly
Native extension for WindowsStandalone target not found
Native extension for WebGL target not found
Refreshing native plugins compatible for Editor in 0.48 ms, found 2 plugins.
Preloading 0 native plugins for Editor in 0.00 ms.
Mono: successfully reloaded assembly
- Completed reload, in  1.005 seconds
Platform modules already initialized, skipping
Shader 'Universal Render Pipeline/Particles/Lit': fallback shader 'Universal Render Pipeline/Particles/SimpleLit' not found
Refreshing native plugins compatible for Editor in 0.47 ms, found 2 plugins.
Preloading 0 native plugins for Editor in 0.00 ms.
Unloading 2588 Unused Serialized files (Serialized files now loaded: 0)
System memory in use before: 115.1 MB.
System memory in use after: 115.3 MB.

Unloading 14 unused Assets to reduce memory usage. Loaded Objects now: 3175.
Total: 2.200300 ms (FindLiveObjects: 0.241000 ms CreateObjectMapping: 0.064700 ms MarkObjects: 1.873600 ms  DeleteObjects: 0.020000 ms)

========================================================================
Received Import Request.
  Time since last request: 37.747908 seconds.
  path: Assets/Scripts/HighScorePanelHandler.cs
  artifactKey: Guid(535ea61ef1db0ee4fafa99c9bab8eeb0) Importer(815301076,1909f56bfc062723c751e8b465ee728b)
Start importing Assets/Scripts/HighScorePanelHandler.cs using Guid(535ea61ef1db0ee4fafa99c9bab8eeb0) Importer(815301076,1909f56bfc062723c751e8b465ee728b)  -> (artifact id: '0af44450d9095c29490bb6848df71a8f') in 0.004864 seconds
  Import took 0.008602 seconds .

========================================================================
Received Import Request.
  Time since last request: 2.013858 seconds.
  path: Assets/Scripts/HighScorePanelHandler.cs
  artifactKey: Guid(535ea61ef1db0ee4fafa99c9bab8eeb0) Importer(815301076,1909f56bfc062723c751e8b465ee728b)
Start importing Assets/Scripts/HighScorePanelHandler.cs using Guid(535ea61ef1db0ee4fafa99c9bab8eeb0) Importer(815301076,1909f56bfc062723c751e8b465ee728b)  -> (artifact id: '0af44450d9095c29490bb6848df71a8f') in 0.003042 seconds
  Import took 0.006707 seconds .

========================================================================
Received Prepare
Registering precompiled user dll's ...
Registered in 0.003242 seconds.
Begin MonoManager ReloadAssembly
Native extension for WindowsStandalone target not found
Native extension for WebGL target not found
Refreshing native plugins compatible for Editor in 0.48 ms, found 2 plugins.
Preloading 0 native plugins for Editor in 0.00 ms.
Mono: successfully reloaded assembly
- Completed reload, in  0.998 seconds
Platform modules already initialized, skipping
Shader 'Universal Render Pipeline/Particles/Lit': fallback shader 'Universal Render Pipeline/Particles/SimpleLit' not found
Refreshing native plugins compatible for Editor in 0.49 ms, found 2 plugins.
Preloading 0 native plugins for Editor in 0.00 ms.
Unloading 2588 Unused Serialized files (Serialized files now loaded: 0)
System memory in use before: 115.1 MB.
System memory in use after: 115.3 MB.

Unloading 14 unused Assets to reduce memory usage. Loaded Objects now: 3178.
Total: 2.215600 ms (FindLiveObjects: 0.240900 ms CreateObjectMapping: 0.065600 ms MarkObjects: 1.890000 ms  DeleteObjects: 0.017900 ms)

========================================================================
Received Prepare
Registering precompiled user dll's ...
Registered in 0.003297 seconds.
Begin MonoManager ReloadAssembly
Native extension for WindowsStandalone target not found
Native extension for WebGL target not found
Refreshing native plugins compatible for Editor in 0.48 ms, found 2 plugins.
Preloading 0 native plugins for Editor in 0.00 ms.
Mono: successfully reloaded assembly
- Completed reload, in  0.994 seconds
Platform modules already initialized, skipping
Shader 'Universal Render Pipeline/Particles/Lit': fallback shader 'Universal Render Pipeline/Particles/SimpleLit' not found
Refreshing native plugins compatible for Editor in 0.47 ms, found 2 plugins.
Preloading 0 native plugins for Editor in 0.00 ms.
Unloading 2588 Unused Serialized files (Serialized files now loaded: 0)
System memory in use before: 115.1 MB.
System memory in use after: 115.3 MB.

Unloading 14 unused Assets to reduce memory usage. Loaded Objects now: 3181.
Total: 2.187000 ms (FindLiveObjects: 0.237600 ms CreateObjectMapping: 0.064800 ms MarkObjects: 1.867900 ms  DeleteObjects: 0.015800 ms)

========================================================================
Received Import Request.
  Time since last request: 342.161723 seconds.
  path: Assets/Scripts/HighScorePanelHandler.cs
  artifactKey: Guid(535ea61ef1db0ee4fafa99c9bab8eeb0) Importer(815301076,1909f56bfc062723c751e8b465ee728b)
Start importing Assets/Scripts/HighScorePanelHandler.cs using Guid(535ea61ef1db0ee4fafa99c9bab8eeb0) Importer(815301076,1909f56bfc062723c751e8b465ee728b)  -> (artifact id: 'ddbd10cba619661babe8f8990adb6db3') in 0.004920 seconds
  Import took 0.009049 seconds .

========================================================================
Received Import Request.
  Time since last request: 2.094248 seconds.
  path: Assets/Scripts/HighScorePanelHandler.cs
  artifactKey: Guid(535ea61ef1db0ee4fafa99c9bab8eeb0) Importer(815301076,1909f56bfc062723c751e8b465ee728b)
Start importing Assets/Scripts/HighScorePanelHandler.cs using Guid(535ea61ef1db0ee4fafa99c9bab8eeb0) Importer(815301076,1909f56bfc062723c751e8b465ee728b)  -> (artifact id: 'ddbd10cba619661babe8f8990adb6db3') in 0.003343 seconds
  Import took 0.007043 seconds .

========================================================================
Received Prepare
Registering precompiled user dll's ...
Registered in 0.003270 seconds.
Begin MonoManager ReloadAssembly
Native extension for WindowsStandalone target not found
Native extension for WebGL target not found
Refreshing native plugins compatible for Editor in 0.49 ms, found 2 plugins.
Preloading 0 native plugins for Editor in 0.00 ms.
Mono: successfully reloaded assembly
- Completed reload, in  1.038 seconds
Platform modules already initialized, skipping
Shader 'Universal Render Pipeline/Particles/Lit': fallback shader 'Universal Render Pipeline/Particles/SimpleLit' not found
Refreshing native plugins compatible for Editor in 0.47 ms, found 2 plugins.
Preloading 0 native plugins for Editor in 0.00 ms.
Unloading 2588 Unused Serialized files (Serialized files now loaded: 0)
System memory in use before: 115.1 MB.
System memory in use after: 115.3 MB.

Unloading 14 unused Assets to reduce memory usage. Loaded Objects now: 3184.
Total: 2.985400 ms (FindLiveObjects: 0.302100 ms CreateObjectMapping: 0.088400 ms MarkObjects: 2.571200 ms  DeleteObjects: 0.022700 ms)

========================================================================
Received Prepare
Registering precompiled user dll's ...
Registered in 0.003279 seconds.
Begin MonoManager ReloadAssembly
Native extension for WindowsStandalone target not found
Native extension for WebGL target not found
Refreshing native plugins compatible for Editor in 0.48 ms, found 2 plugins.
Preloading 0 native plugins for Editor in 0.00 ms.
Mono: successfully reloaded assembly
- Completed reload, in  1.004 seconds
Platform modules already initialized, skipping
Shader 'Universal Render Pipeline/Particles/Lit': fallback shader 'Universal Render Pipeline/Particles/SimpleLit' not found
Refreshing native plugins compatible for Editor in 0.49 ms, found 2 plugins.
Preloading 0 native plugins for Editor in 0.00 ms.
Unloading 2588 Unused Serialized files (Serialized files now loaded: 0)
System memory in use before: 115.1 MB.
System memory in use after: 115.3 MB.

Unloading 14 unused Assets to reduce memory usage. Loaded Objects now: 3187.
Total: 2.262700 ms (FindLiveObjects: 0.243400 ms CreateObjectMapping: 0.065000 ms MarkObjects: 1.933900 ms  DeleteObjects: 0.019500 ms)

========================================================================
Received Import Request.
  Time since last request: 647.611473 seconds.
  path: Assets/Scripts/HighScorePanelHandler.cs
  artifactKey: Guid(535ea61ef1db0ee4fafa99c9bab8eeb0) Importer(815301076,1909f56bfc062723c751e8b465ee728b)
Start importing Assets/Scripts/HighScorePanelHandler.cs using Guid(535ea61ef1db0ee4fafa99c9bab8eeb0) Importer(815301076,1909f56bfc062723c751e8b465ee728b)  -> (artifact id: 'bb2a79a56fccd5a10665de831501e7b3') in 0.004828 seconds
  Import took 0.009590 seconds .

========================================================================
Received Prepare
Registering precompiled user dll's ...
Registered in 0.003209 seconds.
Begin MonoManager ReloadAssembly
Native extension for WindowsStandalone target not found
Native extension for WebGL target not found
Refreshing native plugins compatible for Editor in 0.48 ms, found 2 plugins.
Preloading 0 native plugins for Editor in 0.00 ms.
Mono: successfully reloaded assembly
- Completed reload, in  1.008 seconds
Platform modules already initialized, skipping
Shader 'Universal Render Pipeline/Particles/Lit': fallback shader 'Universal Render Pipeline/Particles/SimpleLit' not found
Refreshing native plugins compatible for Editor in 0.48 ms, found 2 plugins.
Preloading 0 native plugins for Editor in 0.00 ms.
Unloading 2588 Unused Serialized files (Serialized files now loaded: 0)
System memory in use before: 115.1 MB.
System memory in use after: 115.3 MB.

Unloading 14 unused Assets to reduce memory usage. Loaded Objects now: 3190.
Total: 2.278500 ms (FindLiveObjects: 0.249700 ms CreateObjectMapping: 0.065400 ms MarkObjects: 1.945000 ms  DeleteObjects: 0.017200 ms)

========================================================================
Received Import Request.
  Time since last request: 246.728616 seconds.
  path: Assets/Scripts/HighScorePanelHandler.cs
  artifactKey: Guid(535ea61ef1db0ee4fafa99c9bab8eeb0) Importer(815301076,1909f56bfc062723c751e8b465ee728b)
Start importing Assets/Scripts/HighScorePanelHandler.cs using Guid(535ea61ef1db0ee4fafa99c9bab8eeb0) Importer(815301076,1909f56bfc062723c751e8b465ee728b)  -> (artifact id: '0dab06a5defa6215a48c4d6fff7768a5') in 0.005203 seconds
  Import took 0.009685 seconds .

========================================================================
Received Import Request.
  Time since last request: 1.535486 seconds.
  path: Assets/Scripts/HighScorePanelHandler.cs
  artifactKey: Guid(535ea61ef1db0ee4fafa99c9bab8eeb0) Importer(815301076,1909f56bfc062723c751e8b465ee728b)
Start importing Assets/Scripts/HighScorePanelHandler.cs using Guid(535ea61ef1db0ee4fafa99c9bab8eeb0) Importer(815301076,1909f56bfc062723c751e8b465ee728b)  -> (artifact id: '0dab06a5defa6215a48c4d6fff7768a5') in 0.001782 seconds
  Import took 0.005371 seconds .

========================================================================
Received Prepare
Registering precompiled user dll's ...
Registered in 0.003209 seconds.
Begin MonoManager ReloadAssembly
Native extension for WindowsStandalone target not found
Native extension for WebGL target not found
Refreshing native plugins compatible for Editor in 0.48 ms, found 2 plugins.
Preloading 0 native plugins for Editor in 0.00 ms.
Mono: successfully reloaded assembly
- Completed reload, in  0.987 seconds
Platform modules already initialized, skipping
Shader 'Universal Render Pipeline/Particles/Lit': fallback shader 'Universal Render Pipeline/Particles/SimpleLit' not found
Refreshing native plugins compatible for Editor in 0.47 ms, found 2 plugins.
Preloading 0 native plugins for Editor in 0.00 ms.
Unloading 2588 Unused Serialized files (Serialized files now loaded: 0)
System memory in use before: 115.1 MB.
System memory in use after: 115.3 MB.

Unloading 14 unused Assets to reduce memory usage. Loaded Objects now: 3193.
Total: 2.500200 ms (FindLiveObjects: 0.244000 ms CreateObjectMapping: 0.065200 ms MarkObjects: 2.165400 ms  DeleteObjects: 0.024300 ms)

========================================================================
Received Prepare
Registering precompiled user dll's ...
Registered in 0.003224 seconds.
Begin MonoManager ReloadAssembly
Native extension for WindowsStandalone target not found
Native extension for WebGL target not found
Refreshing native plugins compatible for Editor in 0.48 ms, found 2 plugins.
Preloading 0 native plugins for Editor in 0.00 ms.
Mono: successfully reloaded assembly
- Completed reload, in  1.002 seconds
Platform modules already initialized, skipping
Shader 'Universal Render Pipeline/Particles/Lit': fallback shader 'Universal Render Pipeline/Particles/SimpleLit' not found
Refreshing native plugins compatible for Editor in 0.49 ms, found 2 plugins.
Preloading 0 native plugins for Editor in 0.00 ms.
Unloading 2588 Unused Serialized files (Serialized files now loaded: 0)
System memory in use before: 115.1 MB.
System memory in use after: 115.3 MB.

Unloading 14 unused Assets to reduce memory usage. Loaded Objects now: 3196.
Total: 2.299500 ms (FindLiveObjects: 0.249000 ms CreateObjectMapping: 0.062700 ms MarkObjects: 1.966900 ms  DeleteObjects: 0.020100 ms)

========================================================================
Received Import Request.
  Time since last request: 121.019039 seconds.
  path: Assets/Scripts/HighScorePanelHandler.cs
  artifactKey: Guid(535ea61ef1db0ee4fafa99c9bab8eeb0) Importer(815301076,1909f56bfc062723c751e8b465ee728b)
Start importing Assets/Scripts/HighScorePanelHandler.cs using Guid(535ea61ef1db0ee4fafa99c9bab8eeb0) Importer(815301076,1909f56bfc062723c751e8b465ee728b)  -> (artifact id: '83d9c8af468f0065fddfdd6b17219061') in 0.004971 seconds
  Import took 0.008462 seconds .

========================================================================
Received Import Request.
  Time since last request: 1.134586 seconds.
  path: Assets/Scripts/HighScorePanelHandler.cs
  artifactKey: Guid(535ea61ef1db0ee4fafa99c9bab8eeb0) Importer(815301076,1909f56bfc062723c751e8b465ee728b)
Start importing Assets/Scripts/HighScorePanelHandler.cs using Guid(535ea61ef1db0ee4fafa99c9bab8eeb0) Importer(815301076,1909f56bfc062723c751e8b465ee728b)  -> (artifact id: '83d9c8af468f0065fddfdd6b17219061') in 0.001744 seconds
  Import took 0.005684 seconds .

========================================================================
Received Prepare
Registering precompiled user dll's ...
Registered in 0.003374 seconds.
Begin MonoManager ReloadAssembly
Native extension for WindowsStandalone target not found
Native extension for WebGL target not found
Refreshing native plugins compatible for Editor in 0.48 ms, found 2 plugins.
Preloading 0 native plugins for Editor in 0.00 ms.
Mono: successfully reloaded assembly
- Completed reload, in  1.011 seconds
Platform modules already initialized, skipping
Shader 'Universal Render Pipeline/Particles/Lit': fallback shader 'Universal Render Pipeline/Particles/SimpleLit' not found
Refreshing native plugins compatible for Editor in 0.51 ms, found 2 plugins.
Preloading 0 native plugins for Editor in 0.00 ms.
Unloading 2588 Unused Serialized files (Serialized files now loaded: 0)
System memory in use before: 115.1 MB.
System memory in use after: 115.3 MB.

Unloading 14 unused Assets to reduce memory usage. Loaded Objects now: 3199.
Total: 2.610200 ms (FindLiveObjects: 0.271600 ms CreateObjectMapping: 0.067200 ms MarkObjects: 2.249000 ms  DeleteObjects: 0.021000 ms)

========================================================================
Received Import Request.
  Time since last request: 64.685809 seconds.
  path: Assets/Scripts/HighScorePanelHandler.cs
  artifactKey: Guid(535ea61ef1db0ee4fafa99c9bab8eeb0) Importer(815301076,1909f56bfc062723c751e8b465ee728b)
Start importing Assets/Scripts/HighScorePanelHandler.cs using Guid(535ea61ef1db0ee4fafa99c9bab8eeb0) Importer(815301076,1909f56bfc062723c751e8b465ee728b)  -> (artifact id: '852395a15c6eeaab611c020cef6ec23f') in 0.004943 seconds
  Import took 0.009387 seconds .

========================================================================
Received Import Request.
  Time since last request: 2.139479 seconds.
  path: Assets/Scripts/HighScorePanelHandler.cs
  artifactKey: Guid(535ea61ef1db0ee4fafa99c9bab8eeb0) Importer(815301076,1909f56bfc062723c751e8b465ee728b)
Start importing Assets/Scripts/HighScorePanelHandler.cs using Guid(535ea61ef1db0ee4fafa99c9bab8eeb0) Importer(815301076,1909f56bfc062723c751e8b465ee728b)  -> (artifact id: '852395a15c6eeaab611c020cef6ec23f') in 0.002928 seconds
  Import took 0.006572 seconds .

========================================================================
Received Prepare
Registering precompiled user dll's ...
Registered in 0.003360 seconds.
Begin MonoManager ReloadAssembly
Native extension for WindowsStandalone target not found
Native extension for WebGL target not found
Refreshing native plugins compatible for Editor in 0.48 ms, found 2 plugins.
Preloading 0 native plugins for Editor in 0.00 ms.
Mono: successfully reloaded assembly
- Completed reload, in  1.012 seconds
Platform modules already initialized, skipping
Shader 'Universal Render Pipeline/Particles/Lit': fallback shader 'Universal Render Pipeline/Particles/SimpleLit' not found
Refreshing native plugins compatible for Editor in 0.47 ms, found 2 plugins.
Preloading 0 native plugins for Editor in 0.00 ms.
Unloading 2588 Unused Serialized files (Serialized files now loaded: 0)
System memory in use before: 115.1 MB.
System memory in use after: 115.4 MB.

Unloading 14 unused Assets to reduce memory usage. Loaded Objects now: 3202.
Total: 2.323000 ms (FindLiveObjects: 0.286900 ms CreateObjectMapping: 0.065500 ms MarkObjects: 1.950500 ms  DeleteObjects: 0.018800 ms)

========================================================================
Received Import Request.
  Time since last request: 142.210246 seconds.
  path: Assets/Scripts/HighScorePanelHandler.cs
  artifactKey: Guid(535ea61ef1db0ee4fafa99c9bab8eeb0) Importer(815301076,1909f56bfc062723c751e8b465ee728b)
Start importing Assets/Scripts/HighScorePanelHandler.cs using Guid(535ea61ef1db0ee4fafa99c9bab8eeb0) Importer(815301076,1909f56bfc062723c751e8b465ee728b)  -> (artifact id: 'a8f0f5164ada22797e5ed1e351dde719') in 0.004998 seconds
  Import took 0.009831 seconds .

========================================================================
Received Import Request.
  Time since last request: 1.718658 seconds.
  path: Assets/Scripts/HighScorePanelHandler.cs
  artifactKey: Guid(535ea61ef1db0ee4fafa99c9bab8eeb0) Importer(815301076,1909f56bfc062723c751e8b465ee728b)
Start importing Assets/Scripts/HighScorePanelHandler.cs using Guid(535ea61ef1db0ee4fafa99c9bab8eeb0) Importer(815301076,1909f56bfc062723c751e8b465ee728b)  -> (artifact id: 'a8f0f5164ada22797e5ed1e351dde719') in 0.001779 seconds
  Import took 0.005482 seconds .

========================================================================
Received Prepare
Registering precompiled user dll's ...
Registered in 0.003278 seconds.
Begin MonoManager ReloadAssembly
Native extension for WindowsStandalone target not found
Native extension for WebGL target not found
Refreshing native plugins compatible for Editor in 0.49 ms, found 2 plugins.
Preloading 0 native plugins for Editor in 0.00 ms.
Mono: successfully reloaded assembly
- Completed reload, in  0.990 seconds
Platform modules already initialized, skipping
Shader 'Universal Render Pipeline/Particles/Lit': fallback shader 'Universal Render Pipeline/Particles/SimpleLit' not found
Refreshing native plugins compatible for Editor in 0.48 ms, found 2 plugins.
Preloading 0 native plugins for Editor in 0.00 ms.
Unloading 2588 Unused Serialized files (Serialized files now loaded: 0)
System memory in use before: 115.1 MB.
System memory in use after: 115.4 MB.

Unloading 14 unused Assets to reduce memory usage. Loaded Objects now: 3205.
Total: 2.262600 ms (FindLiveObjects: 0.257100 ms CreateObjectMapping: 0.065200 ms MarkObjects: 1.922300 ms  DeleteObjects: 0.016700 ms)

========================================================================
Received Prepare
Registering precompiled user dll's ...
Registered in 0.003238 seconds.
Begin MonoManager ReloadAssembly
Native extension for WindowsStandalone target not found
Native extension for WebGL target not found
Refreshing native plugins compatible for Editor in 0.48 ms, found 2 plugins.
Preloading 0 native plugins for Editor in 0.00 ms.
Mono: successfully reloaded assembly
- Completed reload, in  1.008 seconds
Platform modules already initialized, skipping
Shader 'Universal Render Pipeline/Particles/Lit': fallback shader 'Universal Render Pipeline/Particles/SimpleLit' not found
Refreshing native plugins compatible for Editor in 0.50 ms, found 2 plugins.
Preloading 0 native plugins for Editor in 0.00 ms.
Unloading 2588 Unused Serialized files (Serialized files now loaded: 0)
System memory in use before: 115.1 MB.
System memory in use after: 115.4 MB.

Unloading 14 unused Assets to reduce memory usage. Loaded Objects now: 3208.
Total: 2.187900 ms (FindLiveObjects: 0.251100 ms CreateObjectMapping: 0.064000 ms MarkObjects: 1.854100 ms  DeleteObjects: 0.017500 ms)

========================================================================
Received Import Request.
  Time since last request: 150.776297 seconds.
  path: Assets/Scripts/HighScorePanelHandler.cs
  artifactKey: Guid(535ea61ef1db0ee4fafa99c9bab8eeb0) Importer(815301076,1909f56bfc062723c751e8b465ee728b)
Start importing Assets/Scripts/HighScorePanelHandler.cs using Guid(535ea61ef1db0ee4fafa99c9bab8eeb0) Importer(815301076,1909f56bfc062723c751e8b465ee728b)  -> (artifact id: 'dd0cd24365bf66fcc785d32346526816') in 0.004915 seconds
  Import took 0.009461 seconds .

========================================================================
Received Prepare
Registering precompiled user dll's ...
Registered in 0.003547 seconds.
Begin MonoManager ReloadAssembly
Native extension for WindowsStandalone target not found
Native extension for WebGL target not found
Refreshing native plugins compatible for Editor in 0.66 ms, found 2 plugins.
Preloading 0 native plugins for Editor in 0.00 ms.
Mono: successfully reloaded assembly
- Completed reload, in  1.022 seconds
Platform modules already initialized, skipping
Shader 'Universal Render Pipeline/Particles/Lit': fallback shader 'Universal Render Pipeline/Particles/SimpleLit' not found
Refreshing native plugins compatible for Editor in 0.48 ms, found 2 plugins.
Preloading 0 native plugins for Editor in 0.00 ms.
Unloading 2588 Unused Serialized files (Serialized files now loaded: 0)
System memory in use before: 115.1 MB.
System memory in use after: 115.4 MB.

Unloading 14 unused Assets to reduce memory usage. Loaded Objects now: 3211.
Total: 2.277200 ms (FindLiveObjects: 0.244500 ms CreateObjectMapping: 0.063400 ms MarkObjects: 1.946600 ms  DeleteObjects: 0.021800 ms)

========================================================================
Received Import Request.
  Time since last request: 81.285110 seconds.
  path: Assets/Scripts/HighScorePanelHandler.cs
  artifactKey: Guid(535ea61ef1db0ee4fafa99c9bab8eeb0) Importer(815301076,1909f56bfc062723c751e8b465ee728b)
Start importing Assets/Scripts/HighScorePanelHandler.cs using Guid(535ea61ef1db0ee4fafa99c9bab8eeb0) Importer(815301076,1909f56bfc062723c751e8b465ee728b)  -> (artifact id: '76b6c973d389068fe3c566e6ec83e5ee') in 0.004899 seconds
  Import took 0.009611 seconds .

========================================================================
Received Import Request.
  Time since last request: 1.253913 seconds.
  path: Assets/Scripts/HighScorePanelHandler.cs
  artifactKey: Guid(535ea61ef1db0ee4fafa99c9bab8eeb0) Importer(815301076,1909f56bfc062723c751e8b465ee728b)
Start importing Assets/Scripts/HighScorePanelHandler.cs using Guid(535ea61ef1db0ee4fafa99c9bab8eeb0) Importer(815301076,1909f56bfc062723c751e8b465ee728b)  -> (artifact id: '76b6c973d389068fe3c566e6ec83e5ee') in 0.001725 seconds
  Import took 0.005318 seconds .

========================================================================
Received Prepare
Registering precompiled user dll's ...
Registered in 0.003234 seconds.
Begin MonoManager ReloadAssembly
Native extension for WindowsStandalone target not found
Native extension for WebGL target not found
Refreshing native plugins compatible for Editor in 0.48 ms, found 2 plugins.
Preloading 0 native plugins for Editor in 0.00 ms.
Mono: successfully reloaded assembly
- Completed reload, in  1.006 seconds
Platform modules already initialized, skipping
Shader 'Universal Render Pipeline/Particles/Lit': fallback shader 'Universal Render Pipeline/Particles/SimpleLit' not found
Refreshing native plugins compatible for Editor in 0.49 ms, found 2 plugins.
Preloading 0 native plugins for Editor in 0.00 ms.
Unloading 2588 Unused Serialized files (Serialized files now loaded: 0)
System memory in use before: 115.2 MB.
System memory in use after: 115.4 MB.

Unloading 14 unused Assets to reduce memory usage. Loaded Objects now: 3214.
Total: 2.444100 ms (FindLiveObjects: 0.262700 ms CreateObjectMapping: 0.064600 ms MarkObjects: 2.095300 ms  DeleteObjects: 0.020600 ms)

========================================================================
Received Import Request.
  Time since last request: 49.535139 seconds.
  path: Assets/Scripts/HighScorePanelHandler.cs
  artifactKey: Guid(535ea61ef1db0ee4fafa99c9bab8eeb0) Importer(815301076,1909f56bfc062723c751e8b465ee728b)
Start importing Assets/Scripts/HighScorePanelHandler.cs using Guid(535ea61ef1db0ee4fafa99c9bab8eeb0) Importer(815301076,1909f56bfc062723c751e8b465ee728b)  -> (artifact id: '08b279b687ea80da202fcb195aa7c01f') in 0.005221 seconds
  Import took 0.010111 seconds .

========================================================================
Received Import Request.
  Time since last request: 1.017268 seconds.
  path: Assets/Scripts/HighScorePanelHandler.cs
  artifactKey: Guid(535ea61ef1db0ee4fafa99c9bab8eeb0) Importer(815301076,1909f56bfc062723c751e8b465ee728b)
Start importing Assets/Scripts/HighScorePanelHandler.cs using Guid(535ea61ef1db0ee4fafa99c9bab8eeb0) Importer(815301076,1909f56bfc062723c751e8b465ee728b)  -> (artifact id: '08b279b687ea80da202fcb195aa7c01f') in 0.001924 seconds
  Import took 0.005561 seconds .

